<?xml version="1.0" encoding="UTF-8"?>
<Site BuildName="Linux-c++"
	BuildStamp="20250409-0854-Experimental"
	Name="mads-hyrup-P03RGS"
	Generator="ctest-3.28.3"
	CompilerName="/usr/bin/c++"
	CompilerVersion="13.3.0"
	OSName="Linux"
	Hostname="mads-hyrup-P03RGS"
	OSRelease="6.8.0-56-generic"
	OSVersion="#58-Ubuntu SMP PREEMPT_DYNAMIC Fri Feb 14 15:33:28 UTC 2025"
	OSPlatform="x86_64"
	Is64Bits="1"
	VendorString="GenuineIntel"
	VendorID="Intel Corporation"
	FamilyID="6"
	ModelID="186"
	ProcessorCacheSize="18432"
	NumberOfLogicalCPU="16"
	NumberOfPhysicalCPU="12"
	TotalVirtualMemory="4095"
	TotalPhysicalMemory="15550"
	LogicalProcessorsPerPhysical="1"
	ProcessorClockFrequency="1075.41"
	>
	<Testing>
		<StartDateTime>Apr 09 10:54 CEST</StartDateTime>
		<StartTestTime>1744188878</StartTestTime>
		<TestList/>
		<EndDateTime>Apr 09 10:54 CEST</EndDateTime>
		<EndTestTime>1744188878</EndTestTime>
		<ElapsedMinutes>0</ElapsedMinutes>
	</Testing>
</Site>
