<?xml version="1.0" encoding="UTF-8"?>
<Site BuildName="Linux-c++"
	BuildStamp="20250302-1101-Experimental"
	Name="AkselSkole"
	Generator="ctest-3.22.1"
	CompilerName="/usr/bin/c++"
	CompilerVersion="11.4.0"
	OSName="Linux"
	Hostname="AkselSkole"
	OSRelease="6.8.0-49-generic"
	OSVersion="#49~22.04.1-Ubuntu SMP PREEMPT_DYNAMIC Wed Nov  6 17:42:15 UTC 2"
	OSPlatform="x86_64"
	Is64Bits="1"
	VendorString="AuthenticAMD"
	VendorID="Advanced Micro Devices"
	FamilyID="25"
	ModelID="80"
	ProcessorCacheSize="512"
	NumberOfLogicalCPU="16"
	NumberOfPhysicalCPU="8"
	TotalVirtualMemory="2047"
	TotalPhysicalMemory="15389"
	LogicalProcessorsPerPhysical="2"
	ProcessorClockFrequency="4441.34"
	>
	<Testing>
		<StartDateTime>Mar 02 17:59 CET</StartDateTime>
		<StartTestTime>1740934742</StartTestTime>
		<TestList/>
		<EndDateTime>Mar 02 17:59 CET</EndDateTime>
		<EndTestTime>1740934742</EndTestTime>
		<ElapsedMinutes>0</ElapsedMinutes>
	</Testing>
</Site>
