<?xml version="1.0" encoding="UTF-8"?>
<Site BuildName="Linux-c++"
	BuildStamp="20250518-0928-Experimental"
	Name="mads-hyrup-P03RGS"
	Generator="ctest-3.28.3"
	CompilerName="/usr/bin/c++"
	CompilerVersion="13.3.0"
	OSName="Linux"
	Hostname="mads-hyrup-P03RGS"
	OSRelease="6.8.0-59-generic"
	OSVersion="#61-Ubuntu SMP PREEMPT_DYNAMIC Fri Apr 11 23:16:11 UTC 2025"
	OSPlatform="x86_64"
	Is64Bits="1"
	VendorString="GenuineIntel"
	VendorID="Intel Corporation"
	FamilyID="6"
	ModelID="186"
	ProcessorCacheSize="18432"
	NumberOfLogicalCPU="16"
	NumberOfPhysicalCPU="12"
	TotalVirtualMemory="4095"
	TotalPhysicalMemory="15550"
	LogicalProcessorsPerPhysical="1"
	ProcessorClockFrequency="2200"
	>
	<Testing>
		<StartDateTime>May 18 21:26 CEST</StartDateTime>
		<StartTestTime>1747596418</StartTestTime>
		<TestList/>
		<EndDateTime>May 18 21:26 CEST</EndDateTime>
		<EndTestTime>1747596418</EndTestTime>
		<ElapsedMinutes>0</ElapsedMinutes>
	</Testing>
</Site>
