<?xml version="1.0" encoding="UTF-8"?>
<Site BuildName="Linux-c++"
	BuildStamp="20250423-1000-Experimental"
	Name="mads-hyrup-P03RGS"
	Generator="ctest-3.28.3"
	CompilerName="/usr/bin/c++"
	CompilerVersion="13.3.0"
	OSName="Linux"
	Hostname="mads-hyrup-P03RGS"
	OSRelease="6.8.0-58-generic"
	OSVersion="#60-Ubuntu SMP PREEMPT_DYNAMIC Fri Mar 14 18:29:48 UTC 2025"
	OSPlatform="x86_64"
	Is64Bits="1"
	VendorString="GenuineIntel"
	VendorID="Intel Corporation"
	FamilyID="6"
	ModelID="186"
	ProcessorCacheSize="18432"
	NumberOfLogicalCPU="16"
	NumberOfPhysicalCPU="12"
	TotalVirtualMemory="4095"
	TotalPhysicalMemory="15550"
	LogicalProcessorsPerPhysical="1"
	ProcessorClockFrequency="1600"
	>
	<Testing>
		<StartDateTime>Apr 23 12:10 CEST</StartDateTime>
		<StartTestTime>1745403017</StartTestTime>
		<TestList/>
		<EndDateTime>Apr 23 12:10 CEST</EndDateTime>
		<EndTestTime>1745403017</EndTestTime>
		<ElapsedMinutes>0</ElapsedMinutes>
	</Testing>
</Site>
