<?xml version="1.0" encoding="UTF-8"?>
<Site BuildName="Linux-c++"
	BuildStamp="20250312-0709-Experimental"
	Name="AkselSkole"
	Generator="ctest-3.22.1"
	CompilerName="/usr/bin/c++"
	CompilerVersion="11.4.0"
	OSName="Linux"
	Hostname="AkselSkole"
	OSRelease="6.8.0-52-generic"
	OSVersion="#53~22.04.1-Ubuntu SMP PREEMPT_DYNAMIC Wed Jan 15 19:18:46 UTC 2"
	OSPlatform="x86_64"
	Is64Bits="1"
	VendorString="AuthenticAMD"
	VendorID="Advanced Micro Devices"
	FamilyID="25"
	ModelID="80"
	ProcessorCacheSize="512"
	NumberOfLogicalCPU="16"
	NumberOfPhysicalCPU="8"
	TotalVirtualMemory="2047"
	TotalPhysicalMemory="15389"
	LogicalProcessorsPerPhysical="2"
	ProcessorClockFrequency="3529.33"
	>
	<Testing>
		<StartDateTime>Mar 12 08:46 CET</StartDateTime>
		<StartTestTime>1741765607</StartTestTime>
		<TestList/>
		<EndDateTime>Mar 12 08:46 CET</EndDateTime>
		<EndTestTime>1741765607</EndTestTime>
		<ElapsedMinutes>0</ElapsedMinutes>
	</Testing>
</Site>
